<?xml version="1.0" encoding="UTF-8"?>
<!-- Generated by org.testng.reporters.JUnitReportReporter -->
<testsuite skipped="0" hostname="DESKTOP-35LE3N1" name="com.test.com.AddToCartTest" tests="1" failures="0" timestamp="03 Mar 2022 14:19:57 GMT" time="26.209" errors="0">
  <testcase name="AddProductToCart" time="26.209" classname="com.test.com.AddToCartTest"/>
</testsuite> <!-- com.test.com.AddToCartTest -->
