<?xml version="1.0" encoding="UTF-8"?>
<!-- Generated by org.testng.reporters.JUnitReportReporter -->
<testsuite skipped="0" hostname="W00000PC1FM434" name="com.test.com.AddToCartTest" tests="2" failures="0" timestamp="19 Mar 2022 16:16:50 GMT" time="15.862" errors="0">
  <testcase name="AddProductToCart" time="9.526" classname="com.test.com.AddToCartTest"/>
  <testcase name="AddProductToCart" time="6.336" classname="com.test.com.AddToCartTest"/>
</testsuite> <!-- com.test.com.AddToCartTest -->
