<?xml version="1.0" encoding="UTF-8"?>
<!-- Generated by org.testng.reporters.JUnitReportReporter -->
<testsuite skipped="0" hostname="DESKTOP-35LE3N1" name="com.test.com.E2EFlowTest" tests="2" failures="0" timestamp="03 Mar 2022 15:49:15 GMT" time="150.696" errors="0">
  <testcase name="titleTest" time="62.912" classname="com.test.com.E2EFlowTest"/>
  <testcase name="titleTest" time="87.784" classname="com.test.com.E2EFlowTest"/>
</testsuite> <!-- com.test.com.E2EFlowTest -->
