<?xml version="1.0" encoding="UTF-8"?>
<!-- Generated by org.testng.reporters.JUnitReportReporter -->
<testsuite skipped="0" hostname="W00000PC1FM434" name="com.test.com.AddToCartTest" tests="2" failures="0" timestamp="20 Mar 2022 08:10:37 GMT" time="11.442" errors="0">
  <testcase name="AddProductToCart" time="6.302" classname="com.test.com.AddToCartTest"/>
  <testcase name="AddProductToCart" time="5.140" classname="com.test.com.AddToCartTest"/>
</testsuite> <!-- com.test.com.AddToCartTest -->
