<?xml version="1.0" encoding="UTF-8"?>
<!-- Generated by org.testng.reporters.JUnitReportReporter -->
<testsuite skipped="0" hostname="DESKTOP-35LE3N1" name="com.test.com.TestingApp" tests="2" failures="0" timestamp="24 Feb 2022 14:02:00 GMT" time="20.093" errors="0">
  <testcase name="titleTest" time="11.023" classname="com.test.com.TestingApp"/>
  <testcase name="titleTest" time="9.070" classname="com.test.com.TestingApp"/>
</testsuite> <!-- com.test.com.TestingApp -->
