<?xml version="1.0" encoding="UTF-8"?>
<!-- Generated by org.testng.reporters.JUnitReportReporter -->
<testsuite skipped="0" hostname="DESKTOP-35LE3N1" name="com.test.com.TestingApp" tests="1" failures="0" timestamp="17 Feb 2022 15:55:43 GMT" time="17.784" errors="0">
  <testcase name="titleTest" time="17.784" classname="com.test.com.TestingApp"/>
</testsuite> <!-- com.test.com.TestingApp -->
