<?xml version="1.0" encoding="UTF-8"?>
<!-- Generated by org.testng.reporters.JUnitReportReporter -->
<testsuite skipped="0" hostname="DESKTOP-35LE3N1" name="com.test.com.TestingApp" tests="2" failures="0" timestamp="22 Feb 2022 12:33:17 GMT" time="17.116" errors="0">
  <testcase name="titleTest" time="8.695" classname="com.test.com.TestingApp"/>
  <testcase name="titleTest" time="8.421" classname="com.test.com.TestingApp"/>
</testsuite> <!-- com.test.com.TestingApp -->
