<?xml version="1.0" encoding="UTF-8"?>
<!-- Generated by org.testng.reporters.JUnitReportReporter -->
<testsuite skipped="0" hostname="W00000PC1FM434" name="com.test.com.TestingApp" tests="1" failures="0" timestamp="16 Feb 2022 17:17:38 GMT" time="10.429" errors="0">
  <testcase name="titleTest" time="10.429" classname="com.test.com.TestingApp"/>
</testsuite> <!-- com.test.com.TestingApp -->
