<?xml version="1.0" encoding="UTF-8"?>
<!-- Generated by org.testng.reporters.JUnitReportReporter -->
<testsuite skipped="0" hostname="DESKTOP-35LE3N1" name="com.utility.com.Test" tests="1" failures="0" timestamp="26 Feb 2022 19:26:45 GMT" time="4.811" errors="0">
  <testcase name="clickMaxPrice" time="4.811" classname="com.utility.com.Test"/>
</testsuite> <!-- com.utility.com.Test -->
