<?xml version="1.0" encoding="UTF-8"?>
<!-- Generated by org.testng.reporters.JUnitReportReporter -->
<testsuite skipped="0" hostname="DESKTOP-35LE3N1" name="com.test.com.AddToCartTest" tests="1" failures="0" timestamp="19 Feb 2022 14:30:28 GMT" time="34.128" errors="0">
  <testcase name="AddProductToCart" time="34.128" classname="com.test.com.AddToCartTest"/>
</testsuite> <!-- com.test.com.AddToCartTest -->
