<?xml version="1.0" encoding="UTF-8"?>
<!-- Generated by org.testng.reporters.JUnitReportReporter -->
<testsuite skipped="0" hostname="DESKTOP-35LE3N1" name="com.test.com.TestingApp" tests="1" failures="0" timestamp="19 Feb 2022 04:18:21 GMT" time="15.273" errors="0">
  <testcase name="titleTest" time="15.273" classname="com.test.com.TestingApp"/>
</testsuite> <!-- com.test.com.TestingApp -->
